[2026-02-06T17:06:24.065+0000] {local_task_job_runner.py:123} INFO - ::group::Pre task execution logs
[2026-02-06T17:06:24.074+0000] {taskinstance.py:2612} INFO - Dependencies all met for dep_context=non-requeueable deps ti=<TaskInstance: tp_bigdata_pipeline.ex02_ingestion manual__2026-02-06T17:05:06.143535+00:00 [queued]>
[2026-02-06T17:06:24.079+0000] {taskinstance.py:2612} INFO - Dependencies all met for dep_context=requeueable deps ti=<TaskInstance: tp_bigdata_pipeline.ex02_ingestion manual__2026-02-06T17:05:06.143535+00:00 [queued]>
[2026-02-06T17:06:24.079+0000] {taskinstance.py:2865} INFO - Starting attempt 1 of 1
[2026-02-06T17:06:24.096+0000] {taskinstance.py:2888} INFO - Executing <Task(BashOperator): ex02_ingestion> on 2026-02-06 17:05:06.143535+00:00
[2026-02-06T17:06:24.101+0000] {standard_task_runner.py:72} INFO - Started process 423 to run task
[2026-02-06T17:06:24.103+0000] {standard_task_runner.py:104} INFO - Running: ['airflow', 'tasks', 'run', 'tp_bigdata_pipeline', 'ex02_ingestion', 'manual__2026-02-06T17:05:06.143535+00:00', '--job-id', '50', '--raw', '--subdir', 'DAGS_FOLDER/airflow_pipeline.py', '--cfg-path', '/tmp/tmp4x3t_opq']
[2026-02-06T17:06:24.104+0000] {standard_task_runner.py:105} INFO - Job 50: Subtask ex02_ingestion
[2026-02-06T17:06:24.136+0000] {task_command.py:467} INFO - Running <TaskInstance: tp_bigdata_pipeline.ex02_ingestion manual__2026-02-06T17:05:06.143535+00:00 [running]> on host 4d21249f976f
[2026-02-06T17:06:24.197+0000] {taskinstance.py:3131} INFO - Exporting env vars: AIRFLOW_CTX_DAG_OWNER='airflow' AIRFLOW_CTX_DAG_ID='tp_bigdata_pipeline' AIRFLOW_CTX_TASK_ID='ex02_ingestion' AIRFLOW_CTX_EXECUTION_DATE='2026-02-06T17:05:06.143535+00:00' AIRFLOW_CTX_TRY_NUMBER='1' AIRFLOW_CTX_DAG_RUN_ID='manual__2026-02-06T17:05:06.143535+00:00'
[2026-02-06T17:06:24.197+0000] {taskinstance.py:731} INFO - ::endgroup::
[2026-02-06T17:06:24.209+0000] {subprocess.py:63} INFO - Tmp dir root location: /tmp
[2026-02-06T17:06:24.210+0000] {subprocess.py:75} INFO - Running command: ['/usr/bin/bash', '-c', '\n            set -euo pipefail\n            java --add-exports=java.base/sun.nio.ch=ALL-UNNAMED             --add-exports=java.base/sun.util.calendar=ALL-UNNAMED             -Dlog4j.configurationFile=/workspace/ex02_data_ingestion/src/main/resources/log4j2.properties             -jar /workspace/ex02_data_ingestion/target/scala-2.13/ex02-ingestion-assembly.jar\n        ']
[2026-02-06T17:06:24.216+0000] {subprocess.py:86} INFO - Output:
[2026-02-06T17:06:24.653+0000] {subprocess.py:93} INFO - WARNING: sun.reflect.Reflection.getCallerClass is not supported. This will impact performance.
[2026-02-06T17:06:24.694+0000] {subprocess.py:93} INFO - ERROR StatusLogger Unrecognized format specifier [d]
[2026-02-06T17:06:24.694+0000] {subprocess.py:93} INFO - ERROR StatusLogger Unrecognized conversion specifier [d] starting at position 16 in conversion pattern.
[2026-02-06T17:06:24.695+0000] {subprocess.py:93} INFO - ERROR StatusLogger Unrecognized format specifier [thread]
[2026-02-06T17:06:24.695+0000] {subprocess.py:93} INFO - ERROR StatusLogger Unrecognized conversion specifier [thread] starting at position 25 in conversion pattern.
[2026-02-06T17:06:24.695+0000] {subprocess.py:93} INFO - ERROR StatusLogger Unrecognized format specifier [level]
[2026-02-06T17:06:24.695+0000] {subprocess.py:93} INFO - ERROR StatusLogger Unrecognized conversion specifier [level] starting at position 35 in conversion pattern.
[2026-02-06T17:06:24.695+0000] {subprocess.py:93} INFO - ERROR StatusLogger Unrecognized format specifier [logger]
[2026-02-06T17:06:24.696+0000] {subprocess.py:93} INFO - ERROR StatusLogger Unrecognized conversion specifier [logger] starting at position 47 in conversion pattern.
[2026-02-06T17:06:24.696+0000] {subprocess.py:93} INFO - ERROR StatusLogger Unrecognized format specifier [msg]
[2026-02-06T17:06:24.696+0000] {subprocess.py:93} INFO - ERROR StatusLogger Unrecognized conversion specifier [msg] starting at position 54 in conversion pattern.
[2026-02-06T17:06:24.696+0000] {subprocess.py:93} INFO - ERROR StatusLogger Unrecognized format specifier [n]
[2026-02-06T17:06:24.696+0000] {subprocess.py:93} INFO - ERROR StatusLogger Unrecognized conversion specifier [n] starting at position 56 in conversion pattern.
[2026-02-06T17:06:24.714+0000] {subprocess.py:93} INFO - ERROR StatusLogger Reconfiguration failed: No configuration found for 'Default' at 'null' in 'null'
[2026-02-06T17:06:24.804+0000] {subprocess.py:93} INFO - ERROR StatusLogger Unrecognized format specifier [d]
[2026-02-06T17:06:24.805+0000] {subprocess.py:93} INFO - ERROR StatusLogger Unrecognized conversion specifier [d] starting at position 16 in conversion pattern.
[2026-02-06T17:06:24.805+0000] {subprocess.py:93} INFO - ERROR StatusLogger Unrecognized format specifier [thread]
[2026-02-06T17:06:24.805+0000] {subprocess.py:93} INFO - ERROR StatusLogger Unrecognized conversion specifier [thread] starting at position 25 in conversion pattern.
[2026-02-06T17:06:24.805+0000] {subprocess.py:93} INFO - ERROR StatusLogger Unrecognized format specifier [level]
[2026-02-06T17:06:24.805+0000] {subprocess.py:93} INFO - ERROR StatusLogger Unrecognized conversion specifier [level] starting at position 35 in conversion pattern.
[2026-02-06T17:06:24.805+0000] {subprocess.py:93} INFO - ERROR StatusLogger Unrecognized format specifier [logger]
[2026-02-06T17:06:24.805+0000] {subprocess.py:93} INFO - ERROR StatusLogger Unrecognized conversion specifier [logger] starting at position 47 in conversion pattern.
[2026-02-06T17:06:24.805+0000] {subprocess.py:93} INFO - ERROR StatusLogger Unrecognized format specifier [msg]
[2026-02-06T17:06:24.805+0000] {subprocess.py:93} INFO - ERROR StatusLogger Unrecognized conversion specifier [msg] starting at position 54 in conversion pattern.
[2026-02-06T17:06:24.805+0000] {subprocess.py:93} INFO - ERROR StatusLogger Unrecognized format specifier [n]
[2026-02-06T17:06:24.805+0000] {subprocess.py:93} INFO - ERROR StatusLogger Unrecognized conversion specifier [n] starting at position 56 in conversion pattern.
[2026-02-06T17:06:24.916+0000] {subprocess.py:93} INFO - Using Spark's default log4j profile: org/apache/spark/log4j2-defaults.properties
[2026-02-06T17:13:16.837+0000] {local_task_job_runner.py:346} WARNING - State of this instance has been externally set to failed. Terminating instance.
[2026-02-06T17:13:16.838+0000] {local_task_job_runner.py:245} INFO - ::endgroup::
[2026-02-06T17:13:16.839+0000] {process_utils.py:132} INFO - Sending 15 to group 423. PIDs of all processes in the group: [425, 426, 423]
[2026-02-06T17:13:16.839+0000] {process_utils.py:87} INFO - Sending the signal 15 to group 423
[2026-02-06T17:13:16.839+0000] {taskinstance.py:3092} ERROR - Received SIGTERM. Terminating subprocesses.
[2026-02-06T17:13:16.840+0000] {subprocess.py:104} INFO - Sending SIGTERM signal to process group
[2026-02-06T17:13:16.866+0000] {taskinstance.py:340} INFO - ::group::Post task execution logs
[2026-02-06T17:13:16.892+0000] {process_utils.py:80} INFO - Process psutil.Process(pid=425, status='terminated', started='17:06:24') (425) terminated with exit code None
[2026-02-06T17:13:16.892+0000] {process_utils.py:80} INFO - Process psutil.Process(pid=423, status='terminated', exitcode=0, started='17:06:24') (423) terminated with exit code 0
[2026-02-06T17:13:16.946+0000] {process_utils.py:80} INFO - Process psutil.Process(pid=426, status='terminated', started='17:06:24') (426) terminated with exit code None
