[2026-02-06T17:42:20.204+0000] {local_task_job_runner.py:123} INFO - ::group::Pre task execution logs
[2026-02-06T17:42:20.212+0000] {taskinstance.py:2612} INFO - Dependencies all met for dep_context=non-requeueable deps ti=<TaskInstance: tp_bigdata_pipeline.ex03_init_schema manual__2026-02-06T17:42:13.260857+00:00 [queued]>
[2026-02-06T17:42:20.217+0000] {taskinstance.py:2612} INFO - Dependencies all met for dep_context=requeueable deps ti=<TaskInstance: tp_bigdata_pipeline.ex03_init_schema manual__2026-02-06T17:42:13.260857+00:00 [queued]>
[2026-02-06T17:42:20.217+0000] {taskinstance.py:2865} INFO - Starting attempt 1 of 1
[2026-02-06T17:42:20.233+0000] {taskinstance.py:2888} INFO - Executing <Task(BashOperator): ex03_init_schema> on 2026-02-06 17:42:13.260857+00:00
[2026-02-06T17:42:20.236+0000] {standard_task_runner.py:72} INFO - Started process 669 to run task
[2026-02-06T17:42:20.239+0000] {standard_task_runner.py:104} INFO - Running: ['airflow', 'tasks', 'run', 'tp_bigdata_pipeline', 'ex03_init_schema', 'manual__2026-02-06T17:42:13.260857+00:00', '--job-id', '75', '--raw', '--subdir', 'DAGS_FOLDER/airflow_pipeline.py', '--cfg-path', '/tmp/tmpken8no1r']
[2026-02-06T17:42:20.240+0000] {standard_task_runner.py:105} INFO - Job 75: Subtask ex03_init_schema
[2026-02-06T17:42:20.278+0000] {task_command.py:467} INFO - Running <TaskInstance: tp_bigdata_pipeline.ex03_init_schema manual__2026-02-06T17:42:13.260857+00:00 [running]> on host 4d21249f976f
[2026-02-06T17:42:20.342+0000] {taskinstance.py:3131} INFO - Exporting env vars: AIRFLOW_CTX_DAG_OWNER='airflow' AIRFLOW_CTX_DAG_ID='tp_bigdata_pipeline' AIRFLOW_CTX_TASK_ID='ex03_init_schema' AIRFLOW_CTX_EXECUTION_DATE='2026-02-06T17:42:13.260857+00:00' AIRFLOW_CTX_TRY_NUMBER='1' AIRFLOW_CTX_DAG_RUN_ID='manual__2026-02-06T17:42:13.260857+00:00'
[2026-02-06T17:42:20.343+0000] {taskinstance.py:731} INFO - ::endgroup::
[2026-02-06T17:42:20.357+0000] {subprocess.py:63} INFO - Tmp dir root location: /tmp
[2026-02-06T17:42:20.358+0000] {subprocess.py:75} INFO - Running command: ['/usr/bin/bash', '-c', 'psql -h postgres -U bigdata -d bigdata_dwh -v ON_ERROR_STOP=1 -f /workspace/ex03_sql_table_creation/creation.sql']
[2026-02-06T17:42:20.363+0000] {subprocess.py:86} INFO - Output:
[2026-02-06T17:42:20.479+0000] {subprocess.py:93} INFO - DROP TABLE
[2026-02-06T17:42:20.482+0000] {subprocess.py:93} INFO - DROP TABLE
[2026-02-06T17:42:20.484+0000] {subprocess.py:93} INFO - DROP TABLE
[2026-02-06T17:42:20.487+0000] {subprocess.py:93} INFO - DROP TABLE
[2026-02-06T17:42:20.490+0000] {subprocess.py:93} INFO - DROP TABLE
[2026-02-06T17:42:20.493+0000] {subprocess.py:93} INFO - DROP TABLE
[2026-02-06T17:42:20.496+0000] {subprocess.py:93} INFO - DROP TABLE
[2026-02-06T17:42:20.515+0000] {subprocess.py:93} INFO - CREATE TABLE
[2026-02-06T17:42:20.527+0000] {subprocess.py:93} INFO - CREATE TABLE
[2026-02-06T17:42:20.538+0000] {subprocess.py:93} INFO - CREATE TABLE
[2026-02-06T17:42:20.550+0000] {subprocess.py:93} INFO - CREATE TABLE
[2026-02-06T17:42:20.557+0000] {subprocess.py:93} INFO - CREATE TABLE
[2026-02-06T17:42:20.569+0000] {subprocess.py:93} INFO - CREATE TABLE
[2026-02-06T17:42:20.579+0000] {subprocess.py:93} INFO - CREATE TABLE
[2026-02-06T17:42:20.580+0000] {subprocess.py:97} INFO - Command exited with return code 0
[2026-02-06T17:42:20.599+0000] {taskinstance.py:340} INFO - ::group::Post task execution logs
[2026-02-06T17:42:20.600+0000] {taskinstance.py:352} INFO - Marking task as SUCCESS. dag_id=tp_bigdata_pipeline, task_id=ex03_init_schema, run_id=manual__2026-02-06T17:42:13.260857+00:00, execution_date=20260206T174213, start_date=20260206T174220, end_date=20260206T174220
[2026-02-06T17:42:20.621+0000] {local_task_job_runner.py:266} INFO - Task exited with return code 0
[2026-02-06T17:42:20.634+0000] {taskinstance.py:3900} INFO - 1 downstream tasks scheduled from follow-on schedule check
[2026-02-06T17:42:20.643+0000] {local_task_job_runner.py:245} INFO - ::endgroup::
