[2026-02-06T17:31:39.125+0000] {local_task_job_runner.py:123} INFO - ::group::Pre task execution logs
[2026-02-06T17:31:39.133+0000] {taskinstance.py:2612} INFO - Dependencies all met for dep_context=non-requeueable deps ti=<TaskInstance: tp_bigdata_pipeline.ex01_retrieval manual__2026-02-06T17:31:29.851131+00:00 [queued]>
[2026-02-06T17:31:39.138+0000] {taskinstance.py:2612} INFO - Dependencies all met for dep_context=requeueable deps ti=<TaskInstance: tp_bigdata_pipeline.ex01_retrieval manual__2026-02-06T17:31:29.851131+00:00 [queued]>
[2026-02-06T17:31:39.138+0000] {taskinstance.py:2865} INFO - Starting attempt 1 of 1
[2026-02-06T17:31:39.154+0000] {taskinstance.py:2888} INFO - Executing <Task(BashOperator): ex01_retrieval> on 2026-02-06 17:31:29.851131+00:00
[2026-02-06T17:31:39.158+0000] {standard_task_runner.py:72} INFO - Started process 161 to run task
[2026-02-06T17:31:39.160+0000] {standard_task_runner.py:104} INFO - Running: ['airflow', 'tasks', 'run', 'tp_bigdata_pipeline', 'ex01_retrieval', 'manual__2026-02-06T17:31:29.851131+00:00', '--job-id', '71', '--raw', '--subdir', 'DAGS_FOLDER/airflow_pipeline.py', '--cfg-path', '/tmp/tmpej45b1d7']
[2026-02-06T17:31:39.161+0000] {standard_task_runner.py:105} INFO - Job 71: Subtask ex01_retrieval
[2026-02-06T17:31:39.195+0000] {task_command.py:467} INFO - Running <TaskInstance: tp_bigdata_pipeline.ex01_retrieval manual__2026-02-06T17:31:29.851131+00:00 [running]> on host 4d21249f976f
[2026-02-06T17:31:39.253+0000] {taskinstance.py:3131} INFO - Exporting env vars: AIRFLOW_CTX_DAG_OWNER='airflow' AIRFLOW_CTX_DAG_ID='tp_bigdata_pipeline' AIRFLOW_CTX_TASK_ID='ex01_retrieval' AIRFLOW_CTX_EXECUTION_DATE='2026-02-06T17:31:29.851131+00:00' AIRFLOW_CTX_TRY_NUMBER='1' AIRFLOW_CTX_DAG_RUN_ID='manual__2026-02-06T17:31:29.851131+00:00'
[2026-02-06T17:31:39.254+0000] {taskinstance.py:731} INFO - ::endgroup::
[2026-02-06T17:31:39.266+0000] {subprocess.py:63} INFO - Tmp dir root location: /tmp
[2026-02-06T17:31:39.267+0000] {subprocess.py:75} INFO - Running command: ['/usr/bin/bash', '-c', '\n            set -euo pipefail\n            test -f /workspace/ex01_data_retrieval/target/scala-2.13/ex01-retrieval-assembly.jar\n            java --add-exports=java.base/sun.nio.ch=ALL-UNNAMED             -jar /workspace/ex01_data_retrieval/target/scala-2.13/ex01-retrieval-assembly.jar\n        ']
[2026-02-06T17:31:39.273+0000] {subprocess.py:86} INFO - Output:
[2026-02-06T17:31:45.942+0000] {subprocess.py:93} INFO - Uploaded to s3://nyc-raw/yellow_tripdata_2025-05.parquet
[2026-02-06T17:32:43.928+0000] {subprocess.py:97} INFO - Command exited with return code 0
[2026-02-06T17:32:43.950+0000] {taskinstance.py:340} INFO - ::group::Post task execution logs
[2026-02-06T17:32:43.950+0000] {taskinstance.py:352} INFO - Marking task as SUCCESS. dag_id=tp_bigdata_pipeline, task_id=ex01_retrieval, run_id=manual__2026-02-06T17:31:29.851131+00:00, execution_date=20260206T173129, start_date=20260206T173139, end_date=20260206T173243
[2026-02-06T17:32:44.002+0000] {local_task_job_runner.py:266} INFO - Task exited with return code 0
[2026-02-06T17:32:44.031+0000] {taskinstance.py:3900} INFO - 1 downstream tasks scheduled from follow-on schedule check
[2026-02-06T17:32:44.040+0000] {local_task_job_runner.py:245} INFO - ::endgroup::
