[2026-02-06T17:43:34.332+0000] {local_task_job_runner.py:123} INFO - ::group::Pre task execution logs
[2026-02-06T17:43:34.341+0000] {taskinstance.py:2612} INFO - Dependencies all met for dep_context=non-requeueable deps ti=<TaskInstance: tp_bigdata_pipeline.ex02_ingestion manual__2026-02-06T17:42:13.260857+00:00 [queued]>
[2026-02-06T17:43:34.346+0000] {taskinstance.py:2612} INFO - Dependencies all met for dep_context=requeueable deps ti=<TaskInstance: tp_bigdata_pipeline.ex02_ingestion manual__2026-02-06T17:42:13.260857+00:00 [queued]>
[2026-02-06T17:43:34.346+0000] {taskinstance.py:2865} INFO - Starting attempt 1 of 1
[2026-02-06T17:43:34.362+0000] {taskinstance.py:2888} INFO - Executing <Task(BashOperator): ex02_ingestion> on 2026-02-06 17:42:13.260857+00:00
[2026-02-06T17:43:34.369+0000] {standard_task_runner.py:72} INFO - Started process 787 to run task
[2026-02-06T17:43:34.372+0000] {standard_task_runner.py:104} INFO - Running: ['airflow', 'tasks', 'run', 'tp_bigdata_pipeline', 'ex02_ingestion', 'manual__2026-02-06T17:42:13.260857+00:00', '--job-id', '78', '--raw', '--subdir', 'DAGS_FOLDER/airflow_pipeline.py', '--cfg-path', '/tmp/tmpnnj849vc']
[2026-02-06T17:43:34.374+0000] {standard_task_runner.py:105} INFO - Job 78: Subtask ex02_ingestion
[2026-02-06T17:43:34.409+0000] {task_command.py:467} INFO - Running <TaskInstance: tp_bigdata_pipeline.ex02_ingestion manual__2026-02-06T17:42:13.260857+00:00 [running]> on host 4d21249f976f
[2026-02-06T17:43:34.474+0000] {taskinstance.py:3131} INFO - Exporting env vars: AIRFLOW_CTX_DAG_OWNER='airflow' AIRFLOW_CTX_DAG_ID='tp_bigdata_pipeline' AIRFLOW_CTX_TASK_ID='ex02_ingestion' AIRFLOW_CTX_EXECUTION_DATE='2026-02-06T17:42:13.260857+00:00' AIRFLOW_CTX_TRY_NUMBER='1' AIRFLOW_CTX_DAG_RUN_ID='manual__2026-02-06T17:42:13.260857+00:00'
[2026-02-06T17:43:34.474+0000] {taskinstance.py:731} INFO - ::endgroup::
[2026-02-06T17:43:34.487+0000] {subprocess.py:63} INFO - Tmp dir root location: /tmp
[2026-02-06T17:43:34.488+0000] {subprocess.py:75} INFO - Running command: ['/usr/bin/bash', '-c', '\n            set -euo pipefail\n            test -f /workspace/ex02_data_ingestion/target/scala-2.13/ex02-ingestion-assembly.jar\n            java --add-exports=java.base/sun.nio.ch=ALL-UNNAMED             --add-exports=java.base/sun.util.calendar=ALL-UNNAMED             -jar /workspace/ex02_data_ingestion/target/scala-2.13/ex02-ingestion-assembly.jar\n        ']
[2026-02-06T17:43:34.499+0000] {subprocess.py:86} INFO - Output:
[2026-02-06T17:43:35.051+0000] {subprocess.py:93} INFO - WARNING: sun.reflect.Reflection.getCallerClass is not supported. This will impact performance.
[2026-02-06T17:43:35.108+0000] {subprocess.py:93} INFO - ERROR StatusLogger Unrecognized format specifier [d]
[2026-02-06T17:43:35.108+0000] {subprocess.py:93} INFO - ERROR StatusLogger Unrecognized conversion specifier [d] starting at position 16 in conversion pattern.
[2026-02-06T17:43:35.110+0000] {subprocess.py:93} INFO - ERROR StatusLogger Unrecognized format specifier [thread]
[2026-02-06T17:43:35.111+0000] {subprocess.py:93} INFO - ERROR StatusLogger Unrecognized conversion specifier [thread] starting at position 25 in conversion pattern.
[2026-02-06T17:43:35.111+0000] {subprocess.py:93} INFO - ERROR StatusLogger Unrecognized format specifier [level]
[2026-02-06T17:43:35.111+0000] {subprocess.py:93} INFO - ERROR StatusLogger Unrecognized conversion specifier [level] starting at position 35 in conversion pattern.
[2026-02-06T17:43:35.111+0000] {subprocess.py:93} INFO - ERROR StatusLogger Unrecognized format specifier [logger]
[2026-02-06T17:43:35.112+0000] {subprocess.py:93} INFO - ERROR StatusLogger Unrecognized conversion specifier [logger] starting at position 47 in conversion pattern.
[2026-02-06T17:43:35.112+0000] {subprocess.py:93} INFO - ERROR StatusLogger Unrecognized format specifier [msg]
[2026-02-06T17:43:35.112+0000] {subprocess.py:93} INFO - ERROR StatusLogger Unrecognized conversion specifier [msg] starting at position 54 in conversion pattern.
[2026-02-06T17:43:35.112+0000] {subprocess.py:93} INFO - ERROR StatusLogger Unrecognized format specifier [n]
[2026-02-06T17:43:35.112+0000] {subprocess.py:93} INFO - ERROR StatusLogger Unrecognized conversion specifier [n] starting at position 56 in conversion pattern.
[2026-02-06T17:43:35.123+0000] {subprocess.py:93} INFO - ERROR StatusLogger Unrecognized format specifier [d]
[2026-02-06T17:43:35.124+0000] {subprocess.py:93} INFO - ERROR StatusLogger Unrecognized conversion specifier [d] starting at position 16 in conversion pattern.
[2026-02-06T17:43:35.124+0000] {subprocess.py:93} INFO - ERROR StatusLogger Unrecognized format specifier [thread]
[2026-02-06T17:43:35.124+0000] {subprocess.py:93} INFO - ERROR StatusLogger Unrecognized conversion specifier [thread] starting at position 25 in conversion pattern.
[2026-02-06T17:43:35.124+0000] {subprocess.py:93} INFO - ERROR StatusLogger Unrecognized format specifier [level]
[2026-02-06T17:43:35.124+0000] {subprocess.py:93} INFO - ERROR StatusLogger Unrecognized conversion specifier [level] starting at position 35 in conversion pattern.
[2026-02-06T17:43:35.124+0000] {subprocess.py:93} INFO - ERROR StatusLogger Unrecognized format specifier [logger]
[2026-02-06T17:43:35.124+0000] {subprocess.py:93} INFO - ERROR StatusLogger Unrecognized conversion specifier [logger] starting at position 47 in conversion pattern.
[2026-02-06T17:43:35.124+0000] {subprocess.py:93} INFO - ERROR StatusLogger Unrecognized format specifier [msg]
[2026-02-06T17:43:35.124+0000] {subprocess.py:93} INFO - ERROR StatusLogger Unrecognized conversion specifier [msg] starting at position 54 in conversion pattern.
[2026-02-06T17:43:35.124+0000] {subprocess.py:93} INFO - ERROR StatusLogger Unrecognized format specifier [n]
[2026-02-06T17:43:35.124+0000] {subprocess.py:93} INFO - ERROR StatusLogger Unrecognized conversion specifier [n] starting at position 56 in conversion pattern.
[2026-02-06T17:43:35.314+0000] {subprocess.py:93} INFO - ERROR StatusLogger Unrecognized format specifier [d]
[2026-02-06T17:43:35.315+0000] {subprocess.py:93} INFO - ERROR StatusLogger Unrecognized conversion specifier [d] starting at position 16 in conversion pattern.
[2026-02-06T17:43:35.315+0000] {subprocess.py:93} INFO - ERROR StatusLogger Unrecognized format specifier [thread]
[2026-02-06T17:43:35.315+0000] {subprocess.py:93} INFO - ERROR StatusLogger Unrecognized conversion specifier [thread] starting at position 25 in conversion pattern.
[2026-02-06T17:43:35.315+0000] {subprocess.py:93} INFO - ERROR StatusLogger Unrecognized format specifier [level]
[2026-02-06T17:43:35.315+0000] {subprocess.py:93} INFO - ERROR StatusLogger Unrecognized conversion specifier [level] starting at position 35 in conversion pattern.
[2026-02-06T17:43:35.315+0000] {subprocess.py:93} INFO - ERROR StatusLogger Unrecognized format specifier [logger]
[2026-02-06T17:43:35.315+0000] {subprocess.py:93} INFO - ERROR StatusLogger Unrecognized conversion specifier [logger] starting at position 47 in conversion pattern.
[2026-02-06T17:43:35.315+0000] {subprocess.py:93} INFO - ERROR StatusLogger Unrecognized format specifier [msg]
[2026-02-06T17:43:35.316+0000] {subprocess.py:93} INFO - ERROR StatusLogger Unrecognized conversion specifier [msg] starting at position 54 in conversion pattern.
[2026-02-06T17:43:35.316+0000] {subprocess.py:93} INFO - ERROR StatusLogger Unrecognized format specifier [n]
[2026-02-06T17:43:35.316+0000] {subprocess.py:93} INFO - ERROR StatusLogger Unrecognized conversion specifier [n] starting at position 56 in conversion pattern.
[2026-02-06T17:43:35.316+0000] {subprocess.py:93} INFO - Using Spark's default log4j profile: org/apache/spark/log4j2-defaults.properties
[2026-02-06T17:44:47.560+0000] {subprocess.py:97} INFO - Command exited with return code 0
[2026-02-06T17:44:47.584+0000] {taskinstance.py:340} INFO - ::group::Post task execution logs
[2026-02-06T17:44:47.585+0000] {taskinstance.py:352} INFO - Marking task as SUCCESS. dag_id=tp_bigdata_pipeline, task_id=ex02_ingestion, run_id=manual__2026-02-06T17:42:13.260857+00:00, execution_date=20260206T174213, start_date=20260206T174334, end_date=20260206T174447
[2026-02-06T17:44:47.605+0000] {local_task_job_runner.py:266} INFO - Task exited with return code 0
[2026-02-06T17:44:47.616+0000] {taskinstance.py:3900} INFO - 1 downstream tasks scheduled from follow-on schedule check
[2026-02-06T17:44:47.626+0000] {local_task_job_runner.py:245} INFO - ::endgroup::
