[2026-02-06T18:06:31.800+0000] {local_task_job_runner.py:123} INFO - ::group::Pre task execution logs
[2026-02-06T18:06:31.809+0000] {taskinstance.py:2612} INFO - Dependencies all met for dep_context=non-requeueable deps ti=<TaskInstance: tp_bigdata_pipeline.ex05_training manual__2026-02-06T18:04:03.468385+00:00 [queued]>
[2026-02-06T18:06:31.816+0000] {taskinstance.py:2612} INFO - Dependencies all met for dep_context=requeueable deps ti=<TaskInstance: tp_bigdata_pipeline.ex05_training manual__2026-02-06T18:04:03.468385+00:00 [queued]>
[2026-02-06T18:06:31.816+0000] {taskinstance.py:2865} INFO - Starting attempt 1 of 1
[2026-02-06T18:06:31.828+0000] {taskinstance.py:2888} INFO - Executing <Task(BashOperator): ex05_training> on 2026-02-06 18:04:03.468385+00:00
[2026-02-06T18:06:31.834+0000] {standard_task_runner.py:72} INFO - Started process 1859 to run task
[2026-02-06T18:06:31.837+0000] {standard_task_runner.py:104} INFO - Running: ['airflow', 'tasks', 'run', 'tp_bigdata_pipeline', 'ex05_training', 'manual__2026-02-06T18:04:03.468385+00:00', '--job-id', '20', '--raw', '--subdir', 'DAGS_FOLDER/airflow_pipeline.py', '--cfg-path', '/tmp/tmpkhnahi82']
[2026-02-06T18:06:31.838+0000] {standard_task_runner.py:105} INFO - Job 20: Subtask ex05_training
[2026-02-06T18:06:31.868+0000] {task_command.py:467} INFO - Running <TaskInstance: tp_bigdata_pipeline.ex05_training manual__2026-02-06T18:04:03.468385+00:00 [running]> on host 2bd0f834a775
[2026-02-06T18:06:31.923+0000] {taskinstance.py:3131} INFO - Exporting env vars: AIRFLOW_CTX_DAG_OWNER='airflow' AIRFLOW_CTX_DAG_ID='tp_bigdata_pipeline' AIRFLOW_CTX_TASK_ID='ex05_training' AIRFLOW_CTX_EXECUTION_DATE='2026-02-06T18:04:03.468385+00:00' AIRFLOW_CTX_TRY_NUMBER='1' AIRFLOW_CTX_DAG_RUN_ID='manual__2026-02-06T18:04:03.468385+00:00'
[2026-02-06T18:06:31.924+0000] {taskinstance.py:731} INFO - ::endgroup::
[2026-02-06T18:06:31.936+0000] {subprocess.py:63} INFO - Tmp dir root location: /tmp
[2026-02-06T18:06:31.937+0000] {subprocess.py:75} INFO - Running command: ['/usr/bin/bash', '-c', 'cd /workspace/ex05_ml_prediction_service && python -m src.train']
[2026-02-06T18:06:31.946+0000] {subprocess.py:86} INFO - Output:
[2026-02-06T18:06:33.768+0000] {subprocess.py:93} INFO - INFO:__main__:Chargement des donnees depuis MinIO...
[2026-02-06T18:06:34.728+0000] {subprocess.py:93} INFO - INFO:__main__:Donnees chargees : 3,211,616 lignes.
[2026-02-06T18:06:34.728+0000] {subprocess.py:93} INFO - INFO:__main__:Creation des features...
[2026-02-06T18:06:36.735+0000] {subprocess.py:93} INFO - INFO:__main__:Matrice de features : (3211616, 11)
[2026-02-06T18:06:36.735+0000] {subprocess.py:93} INFO - INFO:__main__:Features utilisees : ['trip_distance', 'PULocationID', 'DOLocationID', 'passenger_count', 'VendorID', 'RatecodeID', 'payment_type', 'store_and_fwd_flag', 'pickup_hour', 'pickup_dayofweek', 'pickup_is_weekend']
[2026-02-06T18:06:37.214+0000] {subprocess.py:93} INFO - INFO:__main__:Train : 2,569,292 lignes, Test : 642,324 lignes
[2026-02-06T18:06:37.214+0000] {subprocess.py:93} INFO - INFO:__main__:Entrainement du modele LightGBM...
[2026-02-06T18:07:19.432+0000] {subprocess.py:93} INFO - INFO:__main__:=== Evaluation du modele ===
[2026-02-06T18:07:19.432+0000] {subprocess.py:93} INFO - INFO:__main__:RMSE : 5.4654  (objectif : < 10.0)
[2026-02-06T18:07:19.432+0000] {subprocess.py:93} INFO - INFO:__main__:MAE  : 2.7214
[2026-02-06T18:07:19.433+0000] {subprocess.py:93} INFO - INFO:__main__:R2   : 0.9479
[2026-02-06T18:07:19.433+0000] {subprocess.py:93} INFO - INFO:__main__:OK : le RMSE est en dessous du seuil de 10.
[2026-02-06T18:07:19.455+0000] {subprocess.py:93} INFO - INFO:__main__:Modele sauvegarde dans /tmp/models/lgbm_total_amount.joblib
[2026-02-06T18:07:19.773+0000] {subprocess.py:97} INFO - Command exited with return code 0
[2026-02-06T18:07:19.792+0000] {taskinstance.py:340} INFO - ::group::Post task execution logs
[2026-02-06T18:07:19.793+0000] {taskinstance.py:352} INFO - Marking task as SUCCESS. dag_id=tp_bigdata_pipeline, task_id=ex05_training, run_id=manual__2026-02-06T18:04:03.468385+00:00, execution_date=20260206T180403, start_date=20260206T180631, end_date=20260206T180719
[2026-02-06T18:07:19.842+0000] {local_task_job_runner.py:266} INFO - Task exited with return code 0
[2026-02-06T18:07:19.852+0000] {taskinstance.py:3900} INFO - 0 downstream tasks scheduled from follow-on schedule check
[2026-02-06T18:07:19.852+0000] {local_task_job_runner.py:245} INFO - ::endgroup::
