[2026-02-06T17:57:15.288+0000] {local_task_job_runner.py:123} INFO - ::group::Pre task execution logs
[2026-02-06T17:57:15.298+0000] {taskinstance.py:2612} INFO - Dependencies all met for dep_context=non-requeueable deps ti=<TaskInstance: tp_bigdata_pipeline.ex03_init_schema manual__2026-02-06T17:57:08.209254+00:00 [queued]>
[2026-02-06T17:57:15.303+0000] {taskinstance.py:2612} INFO - Dependencies all met for dep_context=requeueable deps ti=<TaskInstance: tp_bigdata_pipeline.ex03_init_schema manual__2026-02-06T17:57:08.209254+00:00 [queued]>
[2026-02-06T17:57:15.303+0000] {taskinstance.py:2865} INFO - Starting attempt 1 of 1
[2026-02-06T17:57:15.320+0000] {taskinstance.py:2888} INFO - Executing <Task(BashOperator): ex03_init_schema> on 2026-02-06 17:57:08.209254+00:00
[2026-02-06T17:57:15.325+0000] {standard_task_runner.py:72} INFO - Started process 715 to run task
[2026-02-06T17:57:15.327+0000] {standard_task_runner.py:104} INFO - Running: ['airflow', 'tasks', 'run', 'tp_bigdata_pipeline', 'ex03_init_schema', 'manual__2026-02-06T17:57:08.209254+00:00', '--job-id', '10', '--raw', '--subdir', 'DAGS_FOLDER/airflow_pipeline.py', '--cfg-path', '/tmp/tmppjdwu16o']
[2026-02-06T17:57:15.329+0000] {standard_task_runner.py:105} INFO - Job 10: Subtask ex03_init_schema
[2026-02-06T17:57:15.369+0000] {task_command.py:467} INFO - Running <TaskInstance: tp_bigdata_pipeline.ex03_init_schema manual__2026-02-06T17:57:08.209254+00:00 [running]> on host 2bd0f834a775
[2026-02-06T17:57:15.438+0000] {taskinstance.py:3131} INFO - Exporting env vars: AIRFLOW_CTX_DAG_OWNER='airflow' AIRFLOW_CTX_DAG_ID='tp_bigdata_pipeline' AIRFLOW_CTX_TASK_ID='ex03_init_schema' AIRFLOW_CTX_EXECUTION_DATE='2026-02-06T17:57:08.209254+00:00' AIRFLOW_CTX_TRY_NUMBER='1' AIRFLOW_CTX_DAG_RUN_ID='manual__2026-02-06T17:57:08.209254+00:00'
[2026-02-06T17:57:15.439+0000] {taskinstance.py:731} INFO - ::endgroup::
[2026-02-06T17:57:15.454+0000] {subprocess.py:63} INFO - Tmp dir root location: /tmp
[2026-02-06T17:57:15.455+0000] {subprocess.py:75} INFO - Running command: ['/usr/bin/bash', '-c', 'psql -h postgres -U bigdata -d bigdata_dwh -v ON_ERROR_STOP=1 -f /workspace/ex03_sql_table_creation/creation.sql']
[2026-02-06T17:57:15.463+0000] {subprocess.py:86} INFO - Output:
[2026-02-06T17:57:15.584+0000] {subprocess.py:93} INFO - DROP TABLE
[2026-02-06T17:57:15.587+0000] {subprocess.py:93} INFO - DROP TABLE
[2026-02-06T17:57:15.590+0000] {subprocess.py:93} INFO - DROP TABLE
[2026-02-06T17:57:15.593+0000] {subprocess.py:93} INFO - DROP TABLE
[2026-02-06T17:57:15.596+0000] {subprocess.py:93} INFO - DROP TABLE
[2026-02-06T17:57:15.599+0000] {subprocess.py:93} INFO - DROP TABLE
[2026-02-06T17:57:15.602+0000] {subprocess.py:93} INFO - DROP TABLE
[2026-02-06T17:57:15.619+0000] {subprocess.py:93} INFO - CREATE TABLE
[2026-02-06T17:57:15.631+0000] {subprocess.py:93} INFO - CREATE TABLE
[2026-02-06T17:57:15.643+0000] {subprocess.py:93} INFO - CREATE TABLE
[2026-02-06T17:57:15.656+0000] {subprocess.py:93} INFO - CREATE TABLE
[2026-02-06T17:57:15.663+0000] {subprocess.py:93} INFO - CREATE TABLE
[2026-02-06T17:57:15.676+0000] {subprocess.py:93} INFO - CREATE TABLE
[2026-02-06T17:57:15.686+0000] {subprocess.py:93} INFO - CREATE TABLE
[2026-02-06T17:57:15.687+0000] {subprocess.py:97} INFO - Command exited with return code 0
[2026-02-06T17:57:15.709+0000] {taskinstance.py:340} INFO - ::group::Post task execution logs
[2026-02-06T17:57:15.709+0000] {taskinstance.py:352} INFO - Marking task as SUCCESS. dag_id=tp_bigdata_pipeline, task_id=ex03_init_schema, run_id=manual__2026-02-06T17:57:08.209254+00:00, execution_date=20260206T175708, start_date=20260206T175715, end_date=20260206T175715
[2026-02-06T17:57:15.749+0000] {local_task_job_runner.py:266} INFO - Task exited with return code 0
[2026-02-06T17:57:15.765+0000] {taskinstance.py:3900} INFO - 1 downstream tasks scheduled from follow-on schedule check
[2026-02-06T17:57:15.775+0000] {local_task_job_runner.py:245} INFO - ::endgroup::
