[2026-02-06T17:05:13.488+0000] {local_task_job_runner.py:123} INFO - ::group::Pre task execution logs
[2026-02-06T17:05:13.498+0000] {taskinstance.py:2612} INFO - Dependencies all met for dep_context=non-requeueable deps ti=<TaskInstance: tp_bigdata_pipeline.reset_datamart manual__2026-02-06T17:05:06.143535+00:00 [queued]>
[2026-02-06T17:05:13.503+0000] {taskinstance.py:2612} INFO - Dependencies all met for dep_context=requeueable deps ti=<TaskInstance: tp_bigdata_pipeline.reset_datamart manual__2026-02-06T17:05:06.143535+00:00 [queued]>
[2026-02-06T17:05:13.504+0000] {taskinstance.py:2865} INFO - Starting attempt 1 of 1
[2026-02-06T17:05:13.525+0000] {taskinstance.py:2888} INFO - Executing <Task(BashOperator): reset_datamart> on 2026-02-06 17:05:06.143535+00:00
[2026-02-06T17:05:13.530+0000] {standard_task_runner.py:72} INFO - Started process 325 to run task
[2026-02-06T17:05:13.532+0000] {standard_task_runner.py:104} INFO - Running: ['airflow', 'tasks', 'run', 'tp_bigdata_pipeline', 'reset_datamart', 'manual__2026-02-06T17:05:06.143535+00:00', '--job-id', '48', '--raw', '--subdir', 'DAGS_FOLDER/airflow_pipeline.py', '--cfg-path', '/tmp/tmp7r2me4qy']
[2026-02-06T17:05:13.533+0000] {standard_task_runner.py:105} INFO - Job 48: Subtask reset_datamart
[2026-02-06T17:05:13.570+0000] {task_command.py:467} INFO - Running <TaskInstance: tp_bigdata_pipeline.reset_datamart manual__2026-02-06T17:05:06.143535+00:00 [running]> on host 4d21249f976f
[2026-02-06T17:05:13.638+0000] {taskinstance.py:3131} INFO - Exporting env vars: AIRFLOW_CTX_DAG_OWNER='airflow' AIRFLOW_CTX_DAG_ID='tp_bigdata_pipeline' AIRFLOW_CTX_TASK_ID='reset_datamart' AIRFLOW_CTX_EXECUTION_DATE='2026-02-06T17:05:06.143535+00:00' AIRFLOW_CTX_TRY_NUMBER='1' AIRFLOW_CTX_DAG_RUN_ID='manual__2026-02-06T17:05:06.143535+00:00'
[2026-02-06T17:05:13.639+0000] {taskinstance.py:731} INFO - ::endgroup::
[2026-02-06T17:05:13.654+0000] {subprocess.py:63} INFO - Tmp dir root location: /tmp
[2026-02-06T17:05:13.654+0000] {subprocess.py:75} INFO - Running command: ['/usr/bin/bash', '-c', 'psql -h postgres -U bigdata -d bigdata_dwh -v ON_ERROR_STOP=1 -f /workspace/ex03_sql_table_creation/reset.sql && psql -h postgres -U bigdata -d bigdata_dwh -v ON_ERROR_STOP=1 -f /workspace/ex03_sql_table_creation/insertion.sql']
[2026-02-06T17:05:13.662+0000] {subprocess.py:86} INFO - Output:
[2026-02-06T17:05:13.773+0000] {subprocess.py:93} INFO - TRUNCATE TABLE
[2026-02-06T17:05:13.816+0000] {subprocess.py:93} INFO - INSERT 0 4
[2026-02-06T17:05:13.819+0000] {subprocess.py:93} INFO - INSERT 0 7
[2026-02-06T17:05:13.822+0000] {subprocess.py:93} INFO - INSERT 0 7
[2026-02-06T17:05:13.825+0000] {subprocess.py:93} INFO - INSERT 0 2
[2026-02-06T17:05:13.826+0000] {subprocess.py:97} INFO - Command exited with return code 0
[2026-02-06T17:05:13.850+0000] {taskinstance.py:340} INFO - ::group::Post task execution logs
[2026-02-06T17:05:13.851+0000] {taskinstance.py:352} INFO - Marking task as SUCCESS. dag_id=tp_bigdata_pipeline, task_id=reset_datamart, run_id=manual__2026-02-06T17:05:06.143535+00:00, execution_date=20260206T170506, start_date=20260206T170513, end_date=20260206T170513
[2026-02-06T17:05:13.871+0000] {local_task_job_runner.py:266} INFO - Task exited with return code 0
[2026-02-06T17:05:13.889+0000] {taskinstance.py:3900} INFO - 1 downstream tasks scheduled from follow-on schedule check
[2026-02-06T17:05:13.898+0000] {local_task_job_runner.py:245} INFO - ::endgroup::
