[2026-02-06T18:04:10.266+0000] {local_task_job_runner.py:123} INFO - ::group::Pre task execution logs
[2026-02-06T18:04:10.275+0000] {taskinstance.py:2612} INFO - Dependencies all met for dep_context=non-requeueable deps ti=<TaskInstance: tp_bigdata_pipeline.ex03_init_schema manual__2026-02-06T18:04:03.468385+00:00 [queued]>
[2026-02-06T18:04:10.280+0000] {taskinstance.py:2612} INFO - Dependencies all met for dep_context=requeueable deps ti=<TaskInstance: tp_bigdata_pipeline.ex03_init_schema manual__2026-02-06T18:04:03.468385+00:00 [queued]>
[2026-02-06T18:04:10.280+0000] {taskinstance.py:2865} INFO - Starting attempt 1 of 1
[2026-02-06T18:04:10.296+0000] {taskinstance.py:2888} INFO - Executing <Task(BashOperator): ex03_init_schema> on 2026-02-06 18:04:03.468385+00:00
[2026-02-06T18:04:10.300+0000] {standard_task_runner.py:72} INFO - Started process 1346 to run task
[2026-02-06T18:04:10.302+0000] {standard_task_runner.py:104} INFO - Running: ['airflow', 'tasks', 'run', 'tp_bigdata_pipeline', 'ex03_init_schema', 'manual__2026-02-06T18:04:03.468385+00:00', '--job-id', '16', '--raw', '--subdir', 'DAGS_FOLDER/airflow_pipeline.py', '--cfg-path', '/tmp/tmpj3o9tkz2']
[2026-02-06T18:04:10.303+0000] {standard_task_runner.py:105} INFO - Job 16: Subtask ex03_init_schema
[2026-02-06T18:04:10.342+0000] {task_command.py:467} INFO - Running <TaskInstance: tp_bigdata_pipeline.ex03_init_schema manual__2026-02-06T18:04:03.468385+00:00 [running]> on host 2bd0f834a775
[2026-02-06T18:04:10.416+0000] {taskinstance.py:3131} INFO - Exporting env vars: AIRFLOW_CTX_DAG_OWNER='airflow' AIRFLOW_CTX_DAG_ID='tp_bigdata_pipeline' AIRFLOW_CTX_TASK_ID='ex03_init_schema' AIRFLOW_CTX_EXECUTION_DATE='2026-02-06T18:04:03.468385+00:00' AIRFLOW_CTX_TRY_NUMBER='1' AIRFLOW_CTX_DAG_RUN_ID='manual__2026-02-06T18:04:03.468385+00:00'
[2026-02-06T18:04:10.417+0000] {taskinstance.py:731} INFO - ::endgroup::
[2026-02-06T18:04:10.433+0000] {subprocess.py:63} INFO - Tmp dir root location: /tmp
[2026-02-06T18:04:10.434+0000] {subprocess.py:75} INFO - Running command: ['/usr/bin/bash', '-c', 'psql -h postgres -U bigdata -d bigdata_dwh -v ON_ERROR_STOP=1 -f /workspace/ex03_sql_table_creation/creation.sql']
[2026-02-06T18:04:10.441+0000] {subprocess.py:86} INFO - Output:
[2026-02-06T18:04:10.559+0000] {subprocess.py:93} INFO - DROP TABLE
[2026-02-06T18:04:10.562+0000] {subprocess.py:93} INFO - DROP TABLE
[2026-02-06T18:04:10.564+0000] {subprocess.py:93} INFO - DROP TABLE
[2026-02-06T18:04:10.567+0000] {subprocess.py:93} INFO - DROP TABLE
[2026-02-06T18:04:10.570+0000] {subprocess.py:93} INFO - DROP TABLE
[2026-02-06T18:04:10.572+0000] {subprocess.py:93} INFO - DROP TABLE
[2026-02-06T18:04:10.575+0000] {subprocess.py:93} INFO - DROP TABLE
[2026-02-06T18:04:10.590+0000] {subprocess.py:93} INFO - CREATE TABLE
[2026-02-06T18:04:10.601+0000] {subprocess.py:93} INFO - CREATE TABLE
[2026-02-06T18:04:10.613+0000] {subprocess.py:93} INFO - CREATE TABLE
[2026-02-06T18:04:10.624+0000] {subprocess.py:93} INFO - CREATE TABLE
[2026-02-06T18:04:10.631+0000] {subprocess.py:93} INFO - CREATE TABLE
[2026-02-06T18:04:10.642+0000] {subprocess.py:93} INFO - CREATE TABLE
[2026-02-06T18:04:10.652+0000] {subprocess.py:93} INFO - CREATE TABLE
[2026-02-06T18:04:10.653+0000] {subprocess.py:97} INFO - Command exited with return code 0
[2026-02-06T18:04:10.673+0000] {taskinstance.py:340} INFO - ::group::Post task execution logs
[2026-02-06T18:04:10.673+0000] {taskinstance.py:352} INFO - Marking task as SUCCESS. dag_id=tp_bigdata_pipeline, task_id=ex03_init_schema, run_id=manual__2026-02-06T18:04:03.468385+00:00, execution_date=20260206T180403, start_date=20260206T180410, end_date=20260206T180410
[2026-02-06T18:04:10.722+0000] {local_task_job_runner.py:266} INFO - Task exited with return code 0
[2026-02-06T18:04:10.741+0000] {taskinstance.py:3900} INFO - 1 downstream tasks scheduled from follow-on schedule check
[2026-02-06T18:04:10.751+0000] {local_task_job_runner.py:245} INFO - ::endgroup::
