[2026-02-06T17:22:45.336+0000] {local_task_job_runner.py:123} INFO - ::group::Pre task execution logs
[2026-02-06T17:22:45.346+0000] {taskinstance.py:2612} INFO - Dependencies all met for dep_context=non-requeueable deps ti=<TaskInstance: tp_bigdata_pipeline.ex01_retrieval manual__2026-02-06T17:22:34.699305+00:00 [queued]>
[2026-02-06T17:22:45.351+0000] {taskinstance.py:2612} INFO - Dependencies all met for dep_context=requeueable deps ti=<TaskInstance: tp_bigdata_pipeline.ex01_retrieval manual__2026-02-06T17:22:34.699305+00:00 [queued]>
[2026-02-06T17:22:45.351+0000] {taskinstance.py:2865} INFO - Starting attempt 1 of 1
[2026-02-06T17:22:45.370+0000] {taskinstance.py:2888} INFO - Executing <Task(BashOperator): ex01_retrieval> on 2026-02-06 17:22:34.699305+00:00
[2026-02-06T17:22:45.373+0000] {standard_task_runner.py:72} INFO - Started process 162 to run task
[2026-02-06T17:22:45.376+0000] {standard_task_runner.py:104} INFO - Running: ['airflow', 'tasks', 'run', 'tp_bigdata_pipeline', 'ex01_retrieval', 'manual__2026-02-06T17:22:34.699305+00:00', '--job-id', '59', '--raw', '--subdir', 'DAGS_FOLDER/airflow_pipeline.py', '--cfg-path', '/tmp/tmpa0btuv4h']
[2026-02-06T17:22:45.378+0000] {standard_task_runner.py:105} INFO - Job 59: Subtask ex01_retrieval
[2026-02-06T17:22:45.414+0000] {task_command.py:467} INFO - Running <TaskInstance: tp_bigdata_pipeline.ex01_retrieval manual__2026-02-06T17:22:34.699305+00:00 [running]> on host 4d21249f976f
[2026-02-06T17:22:45.481+0000] {taskinstance.py:3131} INFO - Exporting env vars: AIRFLOW_CTX_DAG_OWNER='airflow' AIRFLOW_CTX_DAG_ID='tp_bigdata_pipeline' AIRFLOW_CTX_TASK_ID='ex01_retrieval' AIRFLOW_CTX_EXECUTION_DATE='2026-02-06T17:22:34.699305+00:00' AIRFLOW_CTX_TRY_NUMBER='1' AIRFLOW_CTX_DAG_RUN_ID='manual__2026-02-06T17:22:34.699305+00:00'
[2026-02-06T17:22:45.482+0000] {taskinstance.py:731} INFO - ::endgroup::
[2026-02-06T17:22:45.495+0000] {subprocess.py:63} INFO - Tmp dir root location: /tmp
[2026-02-06T17:22:45.496+0000] {subprocess.py:75} INFO - Running command: ['/usr/bin/bash', '-c', '\n            set -euo pipefail\n            test -f /workspace/ex01_data_retrieval/target/scala-2.13/ex01-retrieval-assembly.jar\n            java --add-exports=java.base/sun.nio.ch=ALL-UNNAMED             -jar /workspace/ex01_data_retrieval/target/scala-2.13/ex01-retrieval-assembly.jar\n        ']
[2026-02-06T17:22:45.502+0000] {subprocess.py:86} INFO - Output:
[2026-02-06T17:22:50.706+0000] {subprocess.py:93} INFO - Uploaded to s3://nyc-raw/yellow_tripdata_2025-05.parquet
[2026-02-06T17:23:48.687+0000] {subprocess.py:97} INFO - Command exited with return code 0
[2026-02-06T17:23:48.713+0000] {taskinstance.py:340} INFO - ::group::Post task execution logs
[2026-02-06T17:23:48.714+0000] {taskinstance.py:352} INFO - Marking task as SUCCESS. dag_id=tp_bigdata_pipeline, task_id=ex01_retrieval, run_id=manual__2026-02-06T17:22:34.699305+00:00, execution_date=20260206T172234, start_date=20260206T172245, end_date=20260206T172348
[2026-02-06T17:23:48.741+0000] {local_task_job_runner.py:266} INFO - Task exited with return code 0
[2026-02-06T17:23:48.756+0000] {taskinstance.py:3900} INFO - 1 downstream tasks scheduled from follow-on schedule check
[2026-02-06T17:23:48.767+0000] {local_task_job_runner.py:245} INFO - ::endgroup::
