[2026-02-06T16:56:13.062+0000] {local_task_job_runner.py:123} INFO - ::group::Pre task execution logs
[2026-02-06T16:56:13.071+0000] {taskinstance.py:2612} INFO - Dependencies all met for dep_context=non-requeueable deps ti=<TaskInstance: tp_bigdata_pipeline.ex01_retrieval manual__2026-02-06T16:56:04.883378+00:00 [queued]>
[2026-02-06T16:56:13.076+0000] {taskinstance.py:2612} INFO - Dependencies all met for dep_context=requeueable deps ti=<TaskInstance: tp_bigdata_pipeline.ex01_retrieval manual__2026-02-06T16:56:04.883378+00:00 [queued]>
[2026-02-06T16:56:13.076+0000] {taskinstance.py:2865} INFO - Starting attempt 1 of 1
[2026-02-06T16:56:13.093+0000] {taskinstance.py:2888} INFO - Executing <Task(BashOperator): ex01_retrieval> on 2026-02-06 16:56:04.883378+00:00
[2026-02-06T16:56:13.097+0000] {standard_task_runner.py:72} INFO - Started process 167 to run task
[2026-02-06T16:56:13.100+0000] {standard_task_runner.py:104} INFO - Running: ['airflow', 'tasks', 'run', 'tp_bigdata_pipeline', 'ex01_retrieval', 'manual__2026-02-06T16:56:04.883378+00:00', '--job-id', '45', '--raw', '--subdir', 'DAGS_FOLDER/airflow_pipeline.py', '--cfg-path', '/tmp/tmpk714kaxc']
[2026-02-06T16:56:13.102+0000] {standard_task_runner.py:105} INFO - Job 45: Subtask ex01_retrieval
[2026-02-06T16:56:13.139+0000] {task_command.py:467} INFO - Running <TaskInstance: tp_bigdata_pipeline.ex01_retrieval manual__2026-02-06T16:56:04.883378+00:00 [running]> on host 4d21249f976f
[2026-02-06T16:56:13.206+0000] {taskinstance.py:3131} INFO - Exporting env vars: AIRFLOW_CTX_DAG_OWNER='airflow' AIRFLOW_CTX_DAG_ID='tp_bigdata_pipeline' AIRFLOW_CTX_TASK_ID='ex01_retrieval' AIRFLOW_CTX_EXECUTION_DATE='2026-02-06T16:56:04.883378+00:00' AIRFLOW_CTX_TRY_NUMBER='1' AIRFLOW_CTX_DAG_RUN_ID='manual__2026-02-06T16:56:04.883378+00:00'
[2026-02-06T16:56:13.206+0000] {taskinstance.py:731} INFO - ::endgroup::
[2026-02-06T16:56:13.219+0000] {subprocess.py:63} INFO - Tmp dir root location: /tmp
[2026-02-06T16:56:13.220+0000] {subprocess.py:75} INFO - Running command: ['/usr/bin/bash', '-c', '\n            set -euo pipefail\n            java --add-exports=java.base/sun.nio.ch=ALL-UNNAMED             -Dlog4j.configurationFile=/workspace/ex01_data_retrieval/src/main/resources/log4j2.properties             -jar /workspace/ex01_data_retrieval/target/scala-2.13/ex01-retrieval-assembly.jar\n        ']
[2026-02-06T16:56:13.226+0000] {subprocess.py:86} INFO - Output:
[2026-02-06T16:56:20.059+0000] {subprocess.py:93} INFO - Uploaded to s3://nyc-raw/yellow_tripdata_2025-05.parquet
[2026-02-06T16:57:18.146+0000] {subprocess.py:97} INFO - Command exited with return code 0
[2026-02-06T16:57:18.168+0000] {taskinstance.py:340} INFO - ::group::Post task execution logs
[2026-02-06T16:57:18.168+0000] {taskinstance.py:352} INFO - Marking task as SUCCESS. dag_id=tp_bigdata_pipeline, task_id=ex01_retrieval, run_id=manual__2026-02-06T16:56:04.883378+00:00, execution_date=20260206T165604, start_date=20260206T165613, end_date=20260206T165718
[2026-02-06T16:57:18.212+0000] {local_task_job_runner.py:266} INFO - Task exited with return code 0
[2026-02-06T16:57:18.227+0000] {taskinstance.py:3900} INFO - 1 downstream tasks scheduled from follow-on schedule check
[2026-02-06T16:57:18.237+0000] {local_task_job_runner.py:245} INFO - ::endgroup::
