[2026-02-06T17:52:06.271+0000] {local_task_job_runner.py:123} INFO - ::group::Pre task execution logs
[2026-02-06T17:52:06.282+0000] {taskinstance.py:2612} INFO - Dependencies all met for dep_context=non-requeueable deps ti=<TaskInstance: tp_bigdata_pipeline.ex03_seed_dimensions manual__2026-02-06T17:51:55.270352+00:00 [queued]>
[2026-02-06T17:52:06.289+0000] {taskinstance.py:2612} INFO - Dependencies all met for dep_context=requeueable deps ti=<TaskInstance: tp_bigdata_pipeline.ex03_seed_dimensions manual__2026-02-06T17:51:55.270352+00:00 [queued]>
[2026-02-06T17:52:06.290+0000] {taskinstance.py:2865} INFO - Starting attempt 1 of 1
[2026-02-06T17:52:06.305+0000] {taskinstance.py:2888} INFO - Executing <Task(BashOperator): ex03_seed_dimensions> on 2026-02-06 17:51:55.270352+00:00
[2026-02-06T17:52:06.313+0000] {standard_task_runner.py:72} INFO - Started process 227 to run task
[2026-02-06T17:52:06.317+0000] {standard_task_runner.py:104} INFO - Running: ['airflow', 'tasks', 'run', 'tp_bigdata_pipeline', 'ex03_seed_dimensions', 'manual__2026-02-06T17:51:55.270352+00:00', '--job-id', '5', '--raw', '--subdir', 'DAGS_FOLDER/airflow_pipeline.py', '--cfg-path', '/tmp/tmpgn8t9up4']
[2026-02-06T17:52:06.326+0000] {standard_task_runner.py:105} INFO - Job 5: Subtask ex03_seed_dimensions
[2026-02-06T17:52:06.418+0000] {task_command.py:467} INFO - Running <TaskInstance: tp_bigdata_pipeline.ex03_seed_dimensions manual__2026-02-06T17:51:55.270352+00:00 [running]> on host 2bd0f834a775
[2026-02-06T17:52:06.519+0000] {taskinstance.py:3131} INFO - Exporting env vars: AIRFLOW_CTX_DAG_OWNER='airflow' AIRFLOW_CTX_DAG_ID='tp_bigdata_pipeline' AIRFLOW_CTX_TASK_ID='ex03_seed_dimensions' AIRFLOW_CTX_EXECUTION_DATE='2026-02-06T17:51:55.270352+00:00' AIRFLOW_CTX_TRY_NUMBER='1' AIRFLOW_CTX_DAG_RUN_ID='manual__2026-02-06T17:51:55.270352+00:00'
[2026-02-06T17:52:06.520+0000] {taskinstance.py:731} INFO - ::endgroup::
[2026-02-06T17:52:06.543+0000] {subprocess.py:63} INFO - Tmp dir root location: /tmp
[2026-02-06T17:52:06.544+0000] {subprocess.py:75} INFO - Running command: ['/usr/bin/bash', '-c', 'psql -h postgres -U bigdata -d bigdata_dwh -v ON_ERROR_STOP=1 -f /workspace/ex03_sql_table_creation/insertion.sql']
[2026-02-06T17:52:06.556+0000] {subprocess.py:86} INFO - Output:
[2026-02-06T17:52:06.609+0000] {subprocess.py:93} INFO - INSERT 0 4
[2026-02-06T17:52:06.615+0000] {subprocess.py:93} INFO - INSERT 0 7
[2026-02-06T17:52:06.617+0000] {subprocess.py:93} INFO - INSERT 0 7
[2026-02-06T17:52:06.619+0000] {subprocess.py:93} INFO - INSERT 0 2
[2026-02-06T17:52:06.620+0000] {subprocess.py:97} INFO - Command exited with return code 0
[2026-02-06T17:52:06.637+0000] {taskinstance.py:340} INFO - ::group::Post task execution logs
[2026-02-06T17:52:06.637+0000] {taskinstance.py:352} INFO - Marking task as SUCCESS. dag_id=tp_bigdata_pipeline, task_id=ex03_seed_dimensions, run_id=manual__2026-02-06T17:51:55.270352+00:00, execution_date=20260206T175155, start_date=20260206T175206, end_date=20260206T175206
[2026-02-06T17:52:06.667+0000] {local_task_job_runner.py:266} INFO - Task exited with return code 0
[2026-02-06T17:52:06.687+0000] {taskinstance.py:3900} INFO - 1 downstream tasks scheduled from follow-on schedule check
[2026-02-06T17:52:06.694+0000] {local_task_job_runner.py:245} INFO - ::endgroup::
