[2026-02-06T17:52:02.245+0000] {local_task_job_runner.py:123} INFO - ::group::Pre task execution logs
[2026-02-06T17:52:02.254+0000] {taskinstance.py:2612} INFO - Dependencies all met for dep_context=non-requeueable deps ti=<TaskInstance: tp_bigdata_pipeline.ex03_init_schema manual__2026-02-06T17:51:55.270352+00:00 [queued]>
[2026-02-06T17:52:02.259+0000] {taskinstance.py:2612} INFO - Dependencies all met for dep_context=requeueable deps ti=<TaskInstance: tp_bigdata_pipeline.ex03_init_schema manual__2026-02-06T17:51:55.270352+00:00 [queued]>
[2026-02-06T17:52:02.259+0000] {taskinstance.py:2865} INFO - Starting attempt 1 of 1
[2026-02-06T17:52:02.276+0000] {taskinstance.py:2888} INFO - Executing <Task(BashOperator): ex03_init_schema> on 2026-02-06 17:51:55.270352+00:00
[2026-02-06T17:52:02.280+0000] {standard_task_runner.py:72} INFO - Started process 208 to run task
[2026-02-06T17:52:02.283+0000] {standard_task_runner.py:104} INFO - Running: ['airflow', 'tasks', 'run', 'tp_bigdata_pipeline', 'ex03_init_schema', 'manual__2026-02-06T17:51:55.270352+00:00', '--job-id', '4', '--raw', '--subdir', 'DAGS_FOLDER/airflow_pipeline.py', '--cfg-path', '/tmp/tmp7pzzu_op']
[2026-02-06T17:52:02.285+0000] {standard_task_runner.py:105} INFO - Job 4: Subtask ex03_init_schema
[2026-02-06T17:52:02.324+0000] {task_command.py:467} INFO - Running <TaskInstance: tp_bigdata_pipeline.ex03_init_schema manual__2026-02-06T17:51:55.270352+00:00 [running]> on host 2bd0f834a775
[2026-02-06T17:52:02.389+0000] {taskinstance.py:3131} INFO - Exporting env vars: AIRFLOW_CTX_DAG_OWNER='airflow' AIRFLOW_CTX_DAG_ID='tp_bigdata_pipeline' AIRFLOW_CTX_TASK_ID='ex03_init_schema' AIRFLOW_CTX_EXECUTION_DATE='2026-02-06T17:51:55.270352+00:00' AIRFLOW_CTX_TRY_NUMBER='1' AIRFLOW_CTX_DAG_RUN_ID='manual__2026-02-06T17:51:55.270352+00:00'
[2026-02-06T17:52:02.390+0000] {taskinstance.py:731} INFO - ::endgroup::
[2026-02-06T17:52:02.403+0000] {subprocess.py:63} INFO - Tmp dir root location: /tmp
[2026-02-06T17:52:02.403+0000] {subprocess.py:75} INFO - Running command: ['/usr/bin/bash', '-c', 'psql -h postgres -U bigdata -d bigdata_dwh -v ON_ERROR_STOP=1 -f /workspace/ex03_sql_table_creation/creation.sql']
[2026-02-06T17:52:02.411+0000] {subprocess.py:86} INFO - Output:
[2026-02-06T17:52:02.609+0000] {subprocess.py:93} INFO - DROP TABLE
[2026-02-06T17:52:02.613+0000] {subprocess.py:93} INFO - DROP TABLE
[2026-02-06T17:52:02.617+0000] {subprocess.py:93} INFO - DROP TABLE
[2026-02-06T17:52:02.620+0000] {subprocess.py:93} INFO - DROP TABLE
[2026-02-06T17:52:02.623+0000] {subprocess.py:93} INFO - DROP TABLE
[2026-02-06T17:52:02.627+0000] {subprocess.py:93} INFO - DROP TABLE
[2026-02-06T17:52:02.630+0000] {subprocess.py:93} INFO - DROP TABLE
[2026-02-06T17:52:02.652+0000] {subprocess.py:93} INFO - CREATE TABLE
[2026-02-06T17:52:02.666+0000] {subprocess.py:93} INFO - CREATE TABLE
[2026-02-06T17:52:02.679+0000] {subprocess.py:93} INFO - CREATE TABLE
[2026-02-06T17:52:02.693+0000] {subprocess.py:93} INFO - CREATE TABLE
[2026-02-06T17:52:02.701+0000] {subprocess.py:93} INFO - CREATE TABLE
[2026-02-06T17:52:02.713+0000] {subprocess.py:93} INFO - CREATE TABLE
[2026-02-06T17:52:02.725+0000] {subprocess.py:93} INFO - CREATE TABLE
[2026-02-06T17:52:02.726+0000] {subprocess.py:97} INFO - Command exited with return code 0
[2026-02-06T17:52:02.748+0000] {taskinstance.py:340} INFO - ::group::Post task execution logs
[2026-02-06T17:52:02.748+0000] {taskinstance.py:352} INFO - Marking task as SUCCESS. dag_id=tp_bigdata_pipeline, task_id=ex03_init_schema, run_id=manual__2026-02-06T17:51:55.270352+00:00, execution_date=20260206T175155, start_date=20260206T175202, end_date=20260206T175202
[2026-02-06T17:52:02.794+0000] {local_task_job_runner.py:266} INFO - Task exited with return code 0
[2026-02-06T17:52:02.814+0000] {taskinstance.py:3900} INFO - 1 downstream tasks scheduled from follow-on schedule check
[2026-02-06T17:52:02.825+0000] {local_task_job_runner.py:245} INFO - ::endgroup::
