[2026-02-06T18:04:13.780+0000] {local_task_job_runner.py:123} INFO - ::group::Pre task execution logs
[2026-02-06T18:04:13.789+0000] {taskinstance.py:2612} INFO - Dependencies all met for dep_context=non-requeueable deps ti=<TaskInstance: tp_bigdata_pipeline.ex03_seed_dimensions manual__2026-02-06T18:04:03.468385+00:00 [queued]>
[2026-02-06T18:04:13.794+0000] {taskinstance.py:2612} INFO - Dependencies all met for dep_context=requeueable deps ti=<TaskInstance: tp_bigdata_pipeline.ex03_seed_dimensions manual__2026-02-06T18:04:03.468385+00:00 [queued]>
[2026-02-06T18:04:13.794+0000] {taskinstance.py:2865} INFO - Starting attempt 1 of 1
[2026-02-06T18:04:13.814+0000] {taskinstance.py:2888} INFO - Executing <Task(BashOperator): ex03_seed_dimensions> on 2026-02-06 18:04:03.468385+00:00
[2026-02-06T18:04:13.820+0000] {standard_task_runner.py:72} INFO - Started process 1365 to run task
[2026-02-06T18:04:13.823+0000] {standard_task_runner.py:104} INFO - Running: ['airflow', 'tasks', 'run', 'tp_bigdata_pipeline', 'ex03_seed_dimensions', 'manual__2026-02-06T18:04:03.468385+00:00', '--job-id', '17', '--raw', '--subdir', 'DAGS_FOLDER/airflow_pipeline.py', '--cfg-path', '/tmp/tmpsa028qx5']
[2026-02-06T18:04:13.824+0000] {standard_task_runner.py:105} INFO - Job 17: Subtask ex03_seed_dimensions
[2026-02-06T18:04:13.859+0000] {task_command.py:467} INFO - Running <TaskInstance: tp_bigdata_pipeline.ex03_seed_dimensions manual__2026-02-06T18:04:03.468385+00:00 [running]> on host 2bd0f834a775
[2026-02-06T18:04:13.919+0000] {taskinstance.py:3131} INFO - Exporting env vars: AIRFLOW_CTX_DAG_OWNER='airflow' AIRFLOW_CTX_DAG_ID='tp_bigdata_pipeline' AIRFLOW_CTX_TASK_ID='ex03_seed_dimensions' AIRFLOW_CTX_EXECUTION_DATE='2026-02-06T18:04:03.468385+00:00' AIRFLOW_CTX_TRY_NUMBER='1' AIRFLOW_CTX_DAG_RUN_ID='manual__2026-02-06T18:04:03.468385+00:00'
[2026-02-06T18:04:13.920+0000] {taskinstance.py:731} INFO - ::endgroup::
[2026-02-06T18:04:13.932+0000] {subprocess.py:63} INFO - Tmp dir root location: /tmp
[2026-02-06T18:04:13.933+0000] {subprocess.py:75} INFO - Running command: ['/usr/bin/bash', '-c', 'psql -h postgres -U bigdata -d bigdata_dwh -v ON_ERROR_STOP=1 -f /workspace/ex03_sql_table_creation/insertion.sql']
[2026-02-06T18:04:13.942+0000] {subprocess.py:86} INFO - Output:
[2026-02-06T18:04:13.979+0000] {subprocess.py:93} INFO - INSERT 0 4
[2026-02-06T18:04:13.981+0000] {subprocess.py:93} INFO - INSERT 0 7
[2026-02-06T18:04:13.983+0000] {subprocess.py:93} INFO - INSERT 0 7
[2026-02-06T18:04:13.986+0000] {subprocess.py:93} INFO - INSERT 0 2
[2026-02-06T18:04:13.987+0000] {subprocess.py:97} INFO - Command exited with return code 0
[2026-02-06T18:04:14.006+0000] {taskinstance.py:340} INFO - ::group::Post task execution logs
[2026-02-06T18:04:14.006+0000] {taskinstance.py:352} INFO - Marking task as SUCCESS. dag_id=tp_bigdata_pipeline, task_id=ex03_seed_dimensions, run_id=manual__2026-02-06T18:04:03.468385+00:00, execution_date=20260206T180403, start_date=20260206T180413, end_date=20260206T180414
[2026-02-06T18:04:14.041+0000] {local_task_job_runner.py:266} INFO - Task exited with return code 0
[2026-02-06T18:04:14.057+0000] {taskinstance.py:3900} INFO - 1 downstream tasks scheduled from follow-on schedule check
[2026-02-06T18:04:14.066+0000] {local_task_job_runner.py:245} INFO - ::endgroup::
