[2026-02-06T16:56:10.935+0000] {local_task_job_runner.py:123} INFO - ::group::Pre task execution logs
[2026-02-06T16:56:10.943+0000] {taskinstance.py:2612} INFO - Dependencies all met for dep_context=non-requeueable deps ti=<TaskInstance: tp_bigdata_pipeline.reset_datamart manual__2026-02-06T16:56:04.883378+00:00 [queued]>
[2026-02-06T16:56:10.948+0000] {taskinstance.py:2612} INFO - Dependencies all met for dep_context=requeueable deps ti=<TaskInstance: tp_bigdata_pipeline.reset_datamart manual__2026-02-06T16:56:04.883378+00:00 [queued]>
[2026-02-06T16:56:10.948+0000] {taskinstance.py:2865} INFO - Starting attempt 1 of 1
[2026-02-06T16:56:10.965+0000] {taskinstance.py:2888} INFO - Executing <Task(BashOperator): reset_datamart> on 2026-02-06 16:56:04.883378+00:00
[2026-02-06T16:56:10.968+0000] {standard_task_runner.py:72} INFO - Started process 147 to run task
[2026-02-06T16:56:10.970+0000] {standard_task_runner.py:104} INFO - Running: ['airflow', 'tasks', 'run', 'tp_bigdata_pipeline', 'reset_datamart', 'manual__2026-02-06T16:56:04.883378+00:00', '--job-id', '44', '--raw', '--subdir', 'DAGS_FOLDER/airflow_pipeline.py', '--cfg-path', '/tmp/tmpo57bznqi']
[2026-02-06T16:56:10.972+0000] {standard_task_runner.py:105} INFO - Job 44: Subtask reset_datamart
[2026-02-06T16:56:11.005+0000] {task_command.py:467} INFO - Running <TaskInstance: tp_bigdata_pipeline.reset_datamart manual__2026-02-06T16:56:04.883378+00:00 [running]> on host 4d21249f976f
[2026-02-06T16:56:11.065+0000] {taskinstance.py:3131} INFO - Exporting env vars: AIRFLOW_CTX_DAG_OWNER='airflow' AIRFLOW_CTX_DAG_ID='tp_bigdata_pipeline' AIRFLOW_CTX_TASK_ID='reset_datamart' AIRFLOW_CTX_EXECUTION_DATE='2026-02-06T16:56:04.883378+00:00' AIRFLOW_CTX_TRY_NUMBER='1' AIRFLOW_CTX_DAG_RUN_ID='manual__2026-02-06T16:56:04.883378+00:00'
[2026-02-06T16:56:11.066+0000] {taskinstance.py:731} INFO - ::endgroup::
[2026-02-06T16:56:11.078+0000] {subprocess.py:63} INFO - Tmp dir root location: /tmp
[2026-02-06T16:56:11.079+0000] {subprocess.py:75} INFO - Running command: ['/usr/bin/bash', '-c', 'psql -h postgres -U bigdata -d bigdata_dwh -v ON_ERROR_STOP=1 -f /workspace/ex03_sql_table_creation/reset.sql && psql -h postgres -U bigdata -d bigdata_dwh -v ON_ERROR_STOP=1 -f /workspace/ex03_sql_table_creation/insertion.sql']
[2026-02-06T16:56:10.689+0000] {subprocess.py:86} INFO - Output:
[2026-02-06T16:56:10.216+0000] {subprocess.py:93} INFO - TRUNCATE TABLE
[2026-02-06T16:56:10.255+0000] {subprocess.py:93} INFO - INSERT 0 4
[2026-02-06T16:56:10.257+0000] {subprocess.py:93} INFO - INSERT 0 7
[2026-02-06T16:56:10.260+0000] {subprocess.py:93} INFO - INSERT 0 7
[2026-02-06T16:56:10.264+0000] {subprocess.py:93} INFO - INSERT 0 2
[2026-02-06T16:56:10.265+0000] {subprocess.py:97} INFO - Command exited with return code 0
[2026-02-06T16:56:10.282+0000] {taskinstance.py:340} INFO - ::group::Post task execution logs
[2026-02-06T16:56:10.283+0000] {taskinstance.py:352} INFO - Marking task as SUCCESS. dag_id=tp_bigdata_pipeline, task_id=reset_datamart, run_id=manual__2026-02-06T16:56:04.883378+00:00, execution_date=20260206T165604, start_date=20260206T165610, end_date=20260206T165610
[2026-02-06T16:56:10.339+0000] {local_task_job_runner.py:266} INFO - Task exited with return code 0
[2026-02-06T16:56:10.354+0000] {taskinstance.py:3900} INFO - 1 downstream tasks scheduled from follow-on schedule check
[2026-02-06T16:56:10.364+0000] {local_task_job_runner.py:245} INFO - ::endgroup::
