[2026-02-06T17:05:10.347+0000] {local_task_job_runner.py:123} INFO - ::group::Pre task execution logs
[2026-02-06T17:05:10.355+0000] {taskinstance.py:2612} INFO - Dependencies all met for dep_context=non-requeueable deps ti=<TaskInstance: tp_bigdata_pipeline.wait_services manual__2026-02-06T17:05:06.143535+00:00 [queued]>
[2026-02-06T17:05:10.359+0000] {taskinstance.py:2612} INFO - Dependencies all met for dep_context=requeueable deps ti=<TaskInstance: tp_bigdata_pipeline.wait_services manual__2026-02-06T17:05:06.143535+00:00 [queued]>
[2026-02-06T17:05:10.359+0000] {taskinstance.py:2865} INFO - Starting attempt 1 of 1
[2026-02-06T17:05:10.376+0000] {taskinstance.py:2888} INFO - Executing <Task(BashOperator): wait_services> on 2026-02-06 17:05:06.143535+00:00
[2026-02-06T17:05:10.381+0000] {standard_task_runner.py:72} INFO - Started process 303 to run task
[2026-02-06T17:05:10.384+0000] {standard_task_runner.py:104} INFO - Running: ['airflow', 'tasks', 'run', 'tp_bigdata_pipeline', 'wait_services', 'manual__2026-02-06T17:05:06.143535+00:00', '--job-id', '47', '--raw', '--subdir', 'DAGS_FOLDER/airflow_pipeline.py', '--cfg-path', '/tmp/tmp6d9ztko7']
[2026-02-06T17:05:10.386+0000] {standard_task_runner.py:105} INFO - Job 47: Subtask wait_services
[2026-02-06T17:05:10.423+0000] {task_command.py:467} INFO - Running <TaskInstance: tp_bigdata_pipeline.wait_services manual__2026-02-06T17:05:06.143535+00:00 [running]> on host 4d21249f976f
[2026-02-06T17:05:10.491+0000] {taskinstance.py:3131} INFO - Exporting env vars: AIRFLOW_CTX_DAG_OWNER='airflow' AIRFLOW_CTX_DAG_ID='tp_bigdata_pipeline' AIRFLOW_CTX_TASK_ID='wait_services' AIRFLOW_CTX_EXECUTION_DATE='2026-02-06T17:05:06.143535+00:00' AIRFLOW_CTX_TRY_NUMBER='1' AIRFLOW_CTX_DAG_RUN_ID='manual__2026-02-06T17:05:06.143535+00:00'
[2026-02-06T17:05:10.491+0000] {taskinstance.py:731} INFO - ::endgroup::
[2026-02-06T17:05:10.506+0000] {subprocess.py:63} INFO - Tmp dir root location: /tmp
[2026-02-06T17:05:10.507+0000] {subprocess.py:75} INFO - Running command: ['/usr/bin/bash', '-c', '\n        until curl -sf http://minio:9000/minio/health/live > /dev/null; do sleep 2; done\n        until pg_isready -h postgres -U bigdata -d bigdata_dwh > /dev/null; do sleep 2; done\n        ']
[2026-02-06T17:05:10.513+0000] {subprocess.py:86} INFO - Output:
[2026-02-06T17:05:10.576+0000] {subprocess.py:97} INFO - Command exited with return code 0
[2026-02-06T17:05:10.596+0000] {taskinstance.py:340} INFO - ::group::Post task execution logs
[2026-02-06T17:05:10.596+0000] {taskinstance.py:352} INFO - Marking task as SUCCESS. dag_id=tp_bigdata_pipeline, task_id=wait_services, run_id=manual__2026-02-06T17:05:06.143535+00:00, execution_date=20260206T170506, start_date=20260206T170510, end_date=20260206T170510
[2026-02-06T17:05:10.639+0000] {local_task_job_runner.py:266} INFO - Task exited with return code 0
[2026-02-06T17:05:10.656+0000] {taskinstance.py:3900} INFO - 1 downstream tasks scheduled from follow-on schedule check
[2026-02-06T17:05:10.665+0000] {local_task_job_runner.py:245} INFO - ::endgroup::
