[2026-02-06T16:56:07.729+0000] {local_task_job_runner.py:123} INFO - ::group::Pre task execution logs
[2026-02-06T16:56:07.737+0000] {taskinstance.py:2612} INFO - Dependencies all met for dep_context=non-requeueable deps ti=<TaskInstance: tp_bigdata_pipeline.wait_services manual__2026-02-06T16:56:04.883378+00:00 [queued]>
[2026-02-06T16:56:07.742+0000] {taskinstance.py:2612} INFO - Dependencies all met for dep_context=requeueable deps ti=<TaskInstance: tp_bigdata_pipeline.wait_services manual__2026-02-06T16:56:04.883378+00:00 [queued]>
[2026-02-06T16:56:07.742+0000] {taskinstance.py:2865} INFO - Starting attempt 1 of 1
[2026-02-06T16:56:07.758+0000] {taskinstance.py:2888} INFO - Executing <Task(BashOperator): wait_services> on 2026-02-06 16:56:04.883378+00:00
[2026-02-06T16:56:07.761+0000] {standard_task_runner.py:72} INFO - Started process 125 to run task
[2026-02-06T16:56:07.763+0000] {standard_task_runner.py:104} INFO - Running: ['airflow', 'tasks', 'run', 'tp_bigdata_pipeline', 'wait_services', 'manual__2026-02-06T16:56:04.883378+00:00', '--job-id', '43', '--raw', '--subdir', 'DAGS_FOLDER/airflow_pipeline.py', '--cfg-path', '/tmp/tmpevil1nij']
[2026-02-06T16:56:07.765+0000] {standard_task_runner.py:105} INFO - Job 43: Subtask wait_services
[2026-02-06T16:56:07.807+0000] {task_command.py:467} INFO - Running <TaskInstance: tp_bigdata_pipeline.wait_services manual__2026-02-06T16:56:04.883378+00:00 [running]> on host 4d21249f976f
[2026-02-06T16:56:07.876+0000] {taskinstance.py:3131} INFO - Exporting env vars: AIRFLOW_CTX_DAG_OWNER='airflow' AIRFLOW_CTX_DAG_ID='tp_bigdata_pipeline' AIRFLOW_CTX_TASK_ID='wait_services' AIRFLOW_CTX_EXECUTION_DATE='2026-02-06T16:56:04.883378+00:00' AIRFLOW_CTX_TRY_NUMBER='1' AIRFLOW_CTX_DAG_RUN_ID='manual__2026-02-06T16:56:04.883378+00:00'
[2026-02-06T16:56:07.876+0000] {taskinstance.py:731} INFO - ::endgroup::
[2026-02-06T16:56:07.895+0000] {subprocess.py:63} INFO - Tmp dir root location: /tmp
[2026-02-06T16:56:07.896+0000] {subprocess.py:75} INFO - Running command: ['/usr/bin/bash', '-c', '\n        until curl -sf http://minio:9000/minio/health/live > /dev/null; do sleep 2; done\n        until pg_isready -h postgres -U bigdata -d bigdata_dwh > /dev/null; do sleep 2; done\n        ']
[2026-02-06T16:56:07.901+0000] {subprocess.py:86} INFO - Output:
[2026-02-06T16:56:07.987+0000] {subprocess.py:97} INFO - Command exited with return code 0
[2026-02-06T16:56:08.006+0000] {taskinstance.py:340} INFO - ::group::Post task execution logs
[2026-02-06T16:56:08.006+0000] {taskinstance.py:352} INFO - Marking task as SUCCESS. dag_id=tp_bigdata_pipeline, task_id=wait_services, run_id=manual__2026-02-06T16:56:04.883378+00:00, execution_date=20260206T165604, start_date=20260206T165607, end_date=20260206T165608
[2026-02-06T16:56:08.059+0000] {local_task_job_runner.py:266} INFO - Task exited with return code 0
[2026-02-06T16:56:08.076+0000] {taskinstance.py:3900} INFO - 1 downstream tasks scheduled from follow-on schedule check
[2026-02-06T16:56:08.085+0000] {local_task_job_runner.py:245} INFO - ::endgroup::
